#
# There is insufficient memory for the Java Runtime Environment to continue.
# Native memory allocation (malloc) failed to allocate 508176 bytes for Chunk::new
# Possible reasons:
#   The system is out of physical RAM or swap space
#   The process is running with CompressedOops enabled, and the Java Heap may be blocking the growth of the native heap
# Possible solutions:
#   Reduce memory load on the system
#   Increase physical memory or swap space
#   Check if swap backing store is full
#   Decrease Java heap size (-Xmx/-Xms)
#   Decrease number of Java threads
#   Decrease Java thread stack sizes (-Xss)
#   Set larger code cache with -XX:ReservedCodeCacheSize=
#   JVM is running with Unscaled Compressed Oops mode in which the Java heap is
#     placed in the first 4GB address space. The Java Heap base address is the
#     maximum limit for the native heap growth. Please use -XX:HeapBaseMinAddress
#     to set the Java Heap base and to place the Java Heap above 4GB virtual address.
# This output file may be truncated or incomplete.
#
#  Out of Memory Error (./open/src/hotspot/share/memory/arena.cpp:195), pid=164924, tid=154796
#
# JRE version: OpenJDK Runtime Environment (15.0.2+7) (build 15.0.2+7-27)
# Java VM: OpenJDK 64-Bit Server VM (15.0.2+7-27, mixed mode, tiered, compressed oops, g1 gc, windows-amd64)
# No core dump will be written. Minidumps are not enabled by default on client versions of Windows
#

---------------  S U M M A R Y ------------

Command Line: -Dfile.encoding=Cp1252 -XX:+ShowCodeDetailsInExceptionMessages cribbage.Cribbage

Host: Intel(R) Core(TM) i5-8250U CPU @ 1.60GHz, 8 cores, 7G,  Windows 10 , 64 bit Build 19041 (10.0.19041.928)
Time: Fri May 28 17:32:45 2021 AUS Eastern Standard Time elapsed time: 5.313645 seconds (0d 0h 0m 5s)

---------------  T H R E A D  ---------------

Current thread (0x000002227723f6b0):  JavaThread "C2 CompilerThread0" daemon [_thread_in_native, id=154796, stack(0x000000ffcca00000,0x000000ffccb00000)]


Current CompileTask:
C2:   5314 1195  s    4       ch.aplu.jgamegrid.GGSpriteStore::getSprite (610 bytes)

Stack: [0x000000ffcca00000,0x000000ffccb00000]
Native frames: (J=compiled Java code, j=interpreted, Vv=VM code, C=native code)
V  [jvm.dll+0x62ae9a]
V  [jvm.dll+0x7817a9]
V  [jvm.dll+0x782f03]
V  [jvm.dll+0x783563]
V  [jvm.dll+0x216325]
V  [jvm.dll+0x97f3a]
V  [jvm.dll+0x9861c]
V  [jvm.dll+0x279f9f]
V  [jvm.dll+0x540794]
V  [jvm.dll+0x1f2cd4]
V  [jvm.dll+0x1ebff3]
V  [jvm.dll+0x1e9867]
V  [jvm.dll+0x178567]
V  [jvm.dll+0x1f9225]
V  [jvm.dll+0x1f72cc]
V  [jvm.dll+0x74495d]
V  [jvm.dll+0x73d75a]
V  [jvm.dll+0x629c56]
C  [ucrtbase.dll+0x21bb2]
C  [KERNEL32.DLL+0x17034]
C  [ntdll.dll+0x52651]


---------------  P R O C E S S  ---------------

Threads class SMR info:
_java_thread_list=0x0000022277ec0960, length=17, elements={
0x000002225c6f0460, 0x0000022276a1e050, 0x0000022276a1ea10, 0x000002227723d640,
0x000002227723e000, 0x000002227723e9c0, 0x000002227723f6b0, 0x00000222772bd2c0,
0x00000222772e5f20, 0x00000222773e9240, 0x00000222773ef2f0, 0x00000222777f85c0,
0x000002227785d020, 0x000002227785f500, 0x0000022277897cc0, 0x00000222778e78c0,
0x0000022277eb8c90
}

Java Threads: ( => current thread )
  0x000002225c6f0460 JavaThread "main" [_thread_in_native, id=161328, stack(0x000000ffcbe00000,0x000000ffcbf00000)]
  0x0000022276a1e050 JavaThread "Reference Handler" daemon [_thread_blocked, id=166120, stack(0x000000ffcc500000,0x000000ffcc600000)]
  0x0000022276a1ea10 JavaThread "Finalizer" daemon [_thread_blocked, id=160488, stack(0x000000ffcc600000,0x000000ffcc700000)]
  0x000002227723d640 JavaThread "Signal Dispatcher" daemon [_thread_blocked, id=167960, stack(0x000000ffcc700000,0x000000ffcc800000)]
  0x000002227723e000 JavaThread "Attach Listener" daemon [_thread_blocked, id=167952, stack(0x000000ffcc800000,0x000000ffcc900000)]
  0x000002227723e9c0 JavaThread "Service Thread" daemon [_thread_blocked, id=167944, stack(0x000000ffcc900000,0x000000ffcca00000)]
=>0x000002227723f6b0 JavaThread "C2 CompilerThread0" daemon [_thread_in_native, id=154796, stack(0x000000ffcca00000,0x000000ffccb00000)]
  0x00000222772bd2c0 JavaThread "C1 CompilerThread0" daemon [_thread_blocked, id=156300, stack(0x000000ffccb00000,0x000000ffccc00000)]
  0x00000222772e5f20 JavaThread "Sweeper thread" daemon [_thread_blocked, id=168192, stack(0x000000ffccc00000,0x000000ffccd00000)]
  0x00000222773e9240 JavaThread "Notification Thread" daemon [_thread_blocked, id=168520, stack(0x000000ffccd00000,0x000000ffcce00000)]
  0x00000222773ef2f0 JavaThread "Common-Cleaner" daemon [_thread_blocked, id=155968, stack(0x000000ffccf00000,0x000000ffcd000000)]
  0x00000222777f85c0 JavaThread "Java2D Disposer" daemon [_thread_blocked, id=157164, stack(0x000000ffcd000000,0x000000ffcd100000)]
  0x000002227785d020 JavaThread "AWT-Shutdown" [_thread_blocked, id=166588, stack(0x000000ffcd100000,0x000000ffcd200000)]
  0x000002227785f500 JavaThread "AWT-Windows" daemon [_thread_in_native, id=165156, stack(0x000000ffcd200000,0x000000ffcd300000)]
  0x0000022277897cc0 JavaThread "AWT-EventQueue-0" [_thread_in_native, id=161736, stack(0x000000ffcd300000,0x000000ffcd400000)]
  0x00000222778e78c0 JavaThread "Thread-1" [_thread_blocked, id=164132, stack(0x000000ffcd400000,0x000000ffcd500000)]
  0x0000022277eb8c90 JavaThread "Image Fetcher 0" daemon [_thread_blocked, id=163792, stack(0x000000ffcde00000,0x000000ffcdf00000)]

Other Threads:
  0x0000022276a05810 VMThread "VM Thread" [stack: 0x000000ffcc400000,0x000000ffcc500000] [id=148864]
  0x00000222773e9710 WatcherThread [stack: 0x000000ffcce00000,0x000000ffccf00000] [id=165784]
  0x000002225c72f300 GCTaskThread "GC Thread#0" [stack: 0x000000ffcbf00000,0x000000ffcc000000] [id=166700]
  0x0000022277cbce80 GCTaskThread "GC Thread#1" [stack: 0x000000ffcd500000,0x000000ffcd600000] [id=167720]
  0x0000022277cba1e0 GCTaskThread "GC Thread#2" [stack: 0x000000ffcd700000,0x000000ffcd800000] [id=159540]
  0x0000022277cbab70 GCTaskThread "GC Thread#3" [stack: 0x000000ffcd800000,0x000000ffcd900000] [id=168312]
  0x0000022277cbc4f0 GCTaskThread "GC Thread#4" [stack: 0x000000ffcd900000,0x000000ffcda00000] [id=168472]
  0x0000022277cbaea0 GCTaskThread "GC Thread#5" [stack: 0x000000ffcda00000,0x000000ffcdb00000] [id=166680]
  0x0000022277cbc820 GCTaskThread "GC Thread#6" [stack: 0x000000ffcdb00000,0x000000ffcdc00000] [id=163980]
  0x0000022277cbd1b0 GCTaskThread "GC Thread#7" [stack: 0x000000ffcdc00000,0x000000ffcdd00000] [id=151180]
  0x000002225c740260 ConcurrentGCThread "G1 Main Marker" [stack: 0x000000ffcc000000,0x000000ffcc100000] [id=168352]
  0x000002225c741df0 ConcurrentGCThread "G1 Conc#0" [stack: 0x000000ffcc100000,0x000000ffcc200000] [id=168440]
  0x000002225c7c9b20 ConcurrentGCThread "G1 Refine#0" [stack: 0x000000ffcc200000,0x000000ffcc300000] [id=168348]
  0x0000022277e6cc20 ConcurrentGCThread "G1 Refine#1" [stack: 0x000000ffcdd00000,0x000000ffcde00000] [id=149676]
  0x000002225c7ccdf0 ConcurrentGCThread "G1 Young RemSet Sampling" [stack: 0x000000ffcc300000,0x000000ffcc400000] [id=160668]

Threads with active compile tasks:
C2 CompilerThread0     5408 1195  s    4       ch.aplu.jgamegrid.GGSpriteStore::getSprite (610 bytes)

VM state: not at safepoint (normal execution)

VM Mutex/Monitor currently owned by a thread: None

Heap address: 0x0000000081400000, size: 2028 MB, Compressed Oops mode: 32-bit
CDS disabled.
Compressed class space mapped at: 0x0000000100000000-0x0000000140000000, size: 1073741824
Narrow klass base: 0x0000000000000000, Narrow klass shift: 3, Narrow klass range: 0x140000000

GC Precious Log:
 CPUs: 8 total, 8 available
 Memory: 8109M
 Large Page Support: Disabled
 NUMA Support: Disabled
 Compressed Oops: Enabled (32-bit)
 Heap Region Size: 1M
 Heap Min Capacity: 8M
 Heap Initial Capacity: 128M
 Heap Max Capacity: 2028M
 Pre-touch: Disabled
 Parallel Workers: 8
 Concurrent Workers: 2
 Concurrent Refinement Workers: 8
 Periodic GC: Disabled

Heap:
 garbage-first heap   total 131072K, used 77878K [0x0000000081400000, 0x0000000100000000)
  region size 1024K, 45 young (46080K), 5 survivors (5120K)
 Metaspace       used 16972K, capacity 17139K, committed 17408K, reserved 1071104K
  class space    used 1697K, capacity 1760K, committed 1792K, reserved 1048576K

Heap Regions: E=young(eden), S=young(survivor), O=old, HS=humongous(starts), HC=humongous(continues), CS=collection set, F=free, OA=open archive, CA=closed archive, TAMS=top-at-mark-start (previous, next)
|   0|0x0000000081400000, 0x0000000081500000, 0x0000000081500000|100%|HS|  |TAMS 0x0000000081400000, 0x0000000081400000| Complete 
|   1|0x0000000081500000, 0x0000000081600000, 0x0000000081600000|100%|HC|  |TAMS 0x0000000081500000, 0x0000000081500000| Complete 
|   2|0x0000000081600000, 0x0000000081700000, 0x0000000081700000|100%|HC|  |TAMS 0x0000000081600000, 0x0000000081600000| Complete 
|   3|0x0000000081700000, 0x0000000081800000, 0x0000000081800000|100%|HS|  |TAMS 0x0000000081700000, 0x0000000081700000| Complete 
|   4|0x0000000081800000, 0x0000000081900000, 0x0000000081900000|100%|HC|  |TAMS 0x0000000081800000, 0x0000000081800000| Complete 
|   5|0x0000000081900000, 0x0000000081a00000, 0x0000000081a00000|100%|HC|  |TAMS 0x0000000081900000, 0x0000000081900000| Complete 
|   6|0x0000000081a00000, 0x0000000081b00000, 0x0000000081b00000|100%|HC|  |TAMS 0x0000000081a00000, 0x0000000081a00000| Complete 
|   7|0x0000000081b00000, 0x0000000081c00000, 0x0000000081c00000|100%|HC|  |TAMS 0x0000000081b00000, 0x0000000081b00000| Complete 
|   8|0x0000000081c00000, 0x0000000081d00000, 0x0000000081d00000|100%|HC|  |TAMS 0x0000000081c00000, 0x0000000081c00000| Complete 
|   9|0x0000000081d00000, 0x0000000081e00000, 0x0000000081e00000|100%|HC|  |TAMS 0x0000000081d00000, 0x0000000081d00000| Complete 
|  10|0x0000000081e00000, 0x0000000081f00000, 0x0000000081f00000|100%| O|  |TAMS 0x0000000081e00000, 0x0000000081e00000| Untracked 
|  11|0x0000000081f00000, 0x0000000082000000, 0x0000000082000000|100%| O|  |TAMS 0x0000000081f00000, 0x0000000081f00000| Untracked 
|  12|0x0000000082000000, 0x0000000082100000, 0x0000000082100000|100%| O|  |TAMS 0x0000000082000000, 0x0000000082000000| Untracked 
|  13|0x0000000082100000, 0x0000000082200000, 0x0000000082200000|100%| O|  |TAMS 0x0000000082100000, 0x0000000082100000| Untracked 
|  14|0x0000000082200000, 0x0000000082300000, 0x0000000082300000|100%| O|  |TAMS 0x0000000082200000, 0x0000000082200000| Untracked 
|  15|0x0000000082300000, 0x0000000082400000, 0x0000000082400000|100%| O|  |TAMS 0x0000000082300000, 0x0000000082300000| Untracked 
|  16|0x0000000082400000, 0x0000000082500000, 0x0000000082500000|100%| O|  |TAMS 0x0000000082400000, 0x0000000082400000| Untracked 
|  17|0x0000000082500000, 0x0000000082600000, 0x0000000082600000|100%| O|  |TAMS 0x0000000082500000, 0x0000000082500000| Untracked 
|  18|0x0000000082600000, 0x0000000082700000, 0x0000000082700000|100%| O|  |TAMS 0x0000000082600000, 0x0000000082600000| Untracked 
|  19|0x0000000082700000, 0x0000000082800000, 0x0000000082800000|100%| O|  |TAMS 0x0000000082700000, 0x0000000082700000| Untracked 
|  20|0x0000000082800000, 0x0000000082900000, 0x0000000082900000|100%| O|  |TAMS 0x0000000082800000, 0x0000000082800000| Untracked 
|  21|0x0000000082900000, 0x0000000082a00000, 0x0000000082a00000|100%| O|  |TAMS 0x0000000082900000, 0x0000000082900000| Untracked 
|  22|0x0000000082a00000, 0x0000000082b00000, 0x0000000082b00000|100%| O|  |TAMS 0x0000000082a00000, 0x0000000082a00000| Untracked 
|  23|0x0000000082b00000, 0x0000000082c00000, 0x0000000082c00000|100%| O|  |TAMS 0x0000000082b00000, 0x0000000082b00000| Untracked 
|  24|0x0000000082c00000, 0x0000000082d00000, 0x0000000082d00000|100%| O|  |TAMS 0x0000000082c00000, 0x0000000082c00000| Untracked 
|  25|0x0000000082d00000, 0x0000000082e00000, 0x0000000082e00000|100%| O|  |TAMS 0x0000000082d00000, 0x0000000082d00000| Untracked 
|  26|0x0000000082e00000, 0x0000000082f00000, 0x0000000082f00000|100%| O|  |TAMS 0x0000000082e00000, 0x0000000082e00000| Untracked 
|  27|0x0000000082f00000, 0x0000000083000000, 0x0000000083000000|100%| O|  |TAMS 0x0000000082f00000, 0x0000000082f00000| Untracked 
|  28|0x0000000083000000, 0x0000000083100000, 0x0000000083100000|100%| O|  |TAMS 0x0000000083000000, 0x0000000083000000| Untracked 
|  29|0x0000000083100000, 0x0000000083200000, 0x0000000083200000|100%| O|  |TAMS 0x0000000083100000, 0x0000000083100000| Untracked 
|  30|0x0000000083200000, 0x0000000083300000, 0x0000000083300000|100%| O|  |TAMS 0x0000000083200000, 0x0000000083200000| Untracked 
|  31|0x0000000083300000, 0x0000000083400000, 0x0000000083400000|100%| O|  |TAMS 0x0000000083300000, 0x0000000083300000| Untracked 
|  32|0x0000000083400000, 0x0000000083500000, 0x0000000083500000|100%| O|  |TAMS 0x0000000083400000, 0x0000000083400000| Untracked 
|  33|0x0000000083500000, 0x000000008350da00, 0x0000000083600000|  5%| O|  |TAMS 0x0000000083500000, 0x0000000083500000| Untracked 
|  34|0x0000000083600000, 0x0000000083600000, 0x0000000083700000|  0%| F|  |TAMS 0x0000000083600000, 0x0000000083600000| Untracked 
|  35|0x0000000083700000, 0x0000000083700000, 0x0000000083800000|  0%| F|  |TAMS 0x0000000083700000, 0x0000000083700000| Untracked 
|  36|0x0000000083800000, 0x0000000083800000, 0x0000000083900000|  0%| F|  |TAMS 0x0000000083800000, 0x0000000083800000| Untracked 
|  37|0x0000000083900000, 0x0000000083900000, 0x0000000083a00000|  0%| F|  |TAMS 0x0000000083900000, 0x0000000083900000| Untracked 
|  38|0x0000000083a00000, 0x0000000083a00000, 0x0000000083b00000|  0%| F|  |TAMS 0x0000000083a00000, 0x0000000083a00000| Untracked 
|  39|0x0000000083b00000, 0x0000000083b00000, 0x0000000083c00000|  0%| F|  |TAMS 0x0000000083b00000, 0x0000000083b00000| Untracked 
|  40|0x0000000083c00000, 0x0000000083c00000, 0x0000000083d00000|  0%| F|  |TAMS 0x0000000083c00000, 0x0000000083c00000| Untracked 
|  41|0x0000000083d00000, 0x0000000083d00000, 0x0000000083e00000|  0%| F|  |TAMS 0x0000000083d00000, 0x0000000083d00000| Untracked 
|  42|0x0000000083e00000, 0x0000000083e00000, 0x0000000083f00000|  0%| F|  |TAMS 0x0000000083e00000, 0x0000000083e00000| Untracked 
|  43|0x0000000083f00000, 0x0000000083f00000, 0x0000000084000000|  0%| F|  |TAMS 0x0000000083f00000, 0x0000000083f00000| Untracked 
|  44|0x0000000084000000, 0x0000000084000000, 0x0000000084100000|  0%| F|  |TAMS 0x0000000084000000, 0x0000000084000000| Untracked 
|  45|0x0000000084100000, 0x0000000084100000, 0x0000000084200000|  0%| F|  |TAMS 0x0000000084100000, 0x0000000084100000| Untracked 
|  46|0x0000000084200000, 0x0000000084200000, 0x0000000084300000|  0%| F|  |TAMS 0x0000000084200000, 0x0000000084200000| Untracked 
|  47|0x0000000084300000, 0x0000000084300000, 0x0000000084400000|  0%| F|  |TAMS 0x0000000084300000, 0x0000000084300000| Untracked 
|  48|0x0000000084400000, 0x0000000084400000, 0x0000000084500000|  0%| F|  |TAMS 0x0000000084400000, 0x0000000084400000| Untracked 
|  49|0x0000000084500000, 0x0000000084500000, 0x0000000084600000|  0%| F|  |TAMS 0x0000000084500000, 0x0000000084500000| Untracked 
|  50|0x0000000084600000, 0x0000000084600000, 0x0000000084700000|  0%| F|  |TAMS 0x0000000084600000, 0x0000000084600000| Untracked 
|  51|0x0000000084700000, 0x0000000084700000, 0x0000000084800000|  0%| F|  |TAMS 0x0000000084700000, 0x0000000084700000| Untracked 
|  52|0x0000000084800000, 0x0000000084800000, 0x0000000084900000|  0%| F|  |TAMS 0x0000000084800000, 0x0000000084800000| Untracked 
|  53|0x0000000084900000, 0x0000000084900000, 0x0000000084a00000|  0%| F|  |TAMS 0x0000000084900000, 0x0000000084900000| Untracked 
|  54|0x0000000084a00000, 0x0000000084a00000, 0x0000000084b00000|  0%| F|  |TAMS 0x0000000084a00000, 0x0000000084a00000| Untracked 
|  55|0x0000000084b00000, 0x0000000084b00000, 0x0000000084c00000|  0%| F|  |TAMS 0x0000000084b00000, 0x0000000084b00000| Untracked 
|  56|0x0000000084c00000, 0x0000000084c00000, 0x0000000084d00000|  0%| F|  |TAMS 0x0000000084c00000, 0x0000000084c00000| Untracked 
|  57|0x0000000084d00000, 0x0000000084d00000, 0x0000000084e00000|  0%| F|  |TAMS 0x0000000084d00000, 0x0000000084d00000| Untracked 
|  58|0x0000000084e00000, 0x0000000084e00000, 0x0000000084f00000|  0%| F|  |TAMS 0x0000000084e00000, 0x0000000084e00000| Untracked 
|  59|0x0000000084f00000, 0x0000000084f00000, 0x0000000085000000|  0%| F|  |TAMS 0x0000000084f00000, 0x0000000084f00000| Untracked 
|  60|0x0000000085000000, 0x0000000085000000, 0x0000000085100000|  0%| F|  |TAMS 0x0000000085000000, 0x0000000085000000| Untracked 
|  61|0x0000000085100000, 0x0000000085100000, 0x0000000085200000|  0%| F|  |TAMS 0x0000000085100000, 0x0000000085100000| Untracked 
|  62|0x0000000085200000, 0x0000000085200000, 0x0000000085300000|  0%| F|  |TAMS 0x0000000085200000, 0x0000000085200000| Untracked 
|  63|0x0000000085300000, 0x0000000085300000, 0x0000000085400000|  0%| F|  |TAMS 0x0000000085300000, 0x0000000085300000| Untracked 
|  64|0x0000000085400000, 0x0000000085400000, 0x0000000085500000|  0%| F|  |TAMS 0x0000000085400000, 0x0000000085400000| Untracked 
|  65|0x0000000085500000, 0x0000000085500000, 0x0000000085600000|  0%| F|  |TAMS 0x0000000085500000, 0x0000000085500000| Untracked 
|  66|0x0000000085600000, 0x0000000085600000, 0x0000000085700000|  0%| F|  |TAMS 0x0000000085600000, 0x0000000085600000| Untracked 
|  67|0x0000000085700000, 0x0000000085700000, 0x0000000085800000|  0%| F|  |TAMS 0x0000000085700000, 0x0000000085700000| Untracked 
|  68|0x0000000085800000, 0x0000000085800000, 0x0000000085900000|  0%| F|  |TAMS 0x0000000085800000, 0x0000000085800000| Untracked 
|  69|0x0000000085900000, 0x0000000085900000, 0x0000000085a00000|  0%| F|  |TAMS 0x0000000085900000, 0x0000000085900000| Untracked 
|  70|0x0000000085a00000, 0x0000000085a00000, 0x0000000085b00000|  0%| F|  |TAMS 0x0000000085a00000, 0x0000000085a00000| Untracked 
|  71|0x0000000085b00000, 0x0000000085b00000, 0x0000000085c00000|  0%| F|  |TAMS 0x0000000085b00000, 0x0000000085b00000| Untracked 
|  72|0x0000000085c00000, 0x0000000085c00000, 0x0000000085d00000|  0%| F|  |TAMS 0x0000000085c00000, 0x0000000085c00000| Untracked 
|  73|0x0000000085d00000, 0x0000000085d00000, 0x0000000085e00000|  0%| F|  |TAMS 0x0000000085d00000, 0x0000000085d00000| Untracked 
|  74|0x0000000085e00000, 0x0000000085e00000, 0x0000000085f00000|  0%| F|  |TAMS 0x0000000085e00000, 0x0000000085e00000| Untracked 
|  75|0x0000000085f00000, 0x0000000085f00000, 0x0000000086000000|  0%| F|  |TAMS 0x0000000085f00000, 0x0000000085f00000| Untracked 
|  76|0x0000000086000000, 0x0000000086000000, 0x0000000086100000|  0%| F|  |TAMS 0x0000000086000000, 0x0000000086000000| Untracked 
|  77|0x0000000086100000, 0x0000000086100000, 0x0000000086200000|  0%| F|  |TAMS 0x0000000086100000, 0x0000000086100000| Untracked 
|  78|0x0000000086200000, 0x0000000086200000, 0x0000000086300000|  0%| F|  |TAMS 0x0000000086200000, 0x0000000086200000| Untracked 
|  79|0x0000000086300000, 0x0000000086300000, 0x0000000086400000|  0%| F|  |TAMS 0x0000000086300000, 0x0000000086300000| Untracked 
|  80|0x0000000086400000, 0x0000000086400000, 0x0000000086500000|  0%| F|  |TAMS 0x0000000086400000, 0x0000000086400000| Untracked 
|  81|0x0000000086500000, 0x0000000086500000, 0x0000000086600000|  0%| F|  |TAMS 0x0000000086500000, 0x0000000086500000| Untracked 
|  82|0x0000000086600000, 0x0000000086600000, 0x0000000086700000|  0%| F|  |TAMS 0x0000000086600000, 0x0000000086600000| Untracked 
|  83|0x0000000086700000, 0x0000000086780800, 0x0000000086800000| 50%| E|  |TAMS 0x0000000086700000, 0x0000000086700000| Complete 
|  84|0x0000000086800000, 0x0000000086900000, 0x0000000086900000|100%| E|CS|TAMS 0x0000000086800000, 0x0000000086800000| Complete 
|  85|0x0000000086900000, 0x0000000086a00000, 0x0000000086a00000|100%| E|CS|TAMS 0x0000000086900000, 0x0000000086900000| Complete 
|  86|0x0000000086a00000, 0x0000000086b00000, 0x0000000086b00000|100%| E|CS|TAMS 0x0000000086a00000, 0x0000000086a00000| Complete 
|  87|0x0000000086b00000, 0x0000000086c00000, 0x0000000086c00000|100%| E|CS|TAMS 0x0000000086b00000, 0x0000000086b00000| Complete 
|  88|0x0000000086c00000, 0x0000000086d00000, 0x0000000086d00000|100%| E|CS|TAMS 0x0000000086c00000, 0x0000000086c00000| Complete 
|  89|0x0000000086d00000, 0x0000000086e00000, 0x0000000086e00000|100%| S|CS|TAMS 0x0000000086d00000, 0x0000000086d00000| Complete 
|  90|0x0000000086e00000, 0x0000000086f00000, 0x0000000086f00000|100%| S|CS|TAMS 0x0000000086e00000, 0x0000000086e00000| Complete 
|  91|0x0000000086f00000, 0x0000000087000000, 0x0000000087000000|100%| S|CS|TAMS 0x0000000086f00000, 0x0000000086f00000| Complete 
|  92|0x0000000087000000, 0x0000000087100000, 0x0000000087100000|100%| S|CS|TAMS 0x0000000087000000, 0x0000000087000000| Complete 
|  93|0x0000000087100000, 0x0000000087200000, 0x0000000087200000|100%| S|CS|TAMS 0x0000000087100000, 0x0000000087100000| Complete 
|  94|0x0000000087200000, 0x0000000087300000, 0x0000000087300000|100%| E|  |TAMS 0x0000000087200000, 0x0000000087200000| Complete 
|  95|0x0000000087300000, 0x0000000087400000, 0x0000000087400000|100%| E|CS|TAMS 0x0000000087300000, 0x0000000087300000| Complete 
|  96|0x0000000087400000, 0x0000000087500000, 0x0000000087500000|100%| E|CS|TAMS 0x0000000087400000, 0x0000000087400000| Complete 
|  97|0x0000000087500000, 0x0000000087600000, 0x0000000087600000|100%| E|CS|TAMS 0x0000000087500000, 0x0000000087500000| Complete 
|  98|0x0000000087600000, 0x0000000087700000, 0x0000000087700000|100%| E|CS|TAMS 0x0000000087600000, 0x0000000087600000| Complete 
|  99|0x0000000087700000, 0x0000000087800000, 0x0000000087800000|100%| E|CS|TAMS 0x0000000087700000, 0x0000000087700000| Complete 
| 100|0x0000000087800000, 0x0000000087900000, 0x0000000087900000|100%| E|CS|TAMS 0x0000000087800000, 0x0000000087800000| Complete 
| 101|0x0000000087900000, 0x0000000087a00000, 0x0000000087a00000|100%| E|CS|TAMS 0x0000000087900000, 0x0000000087900000| Complete 
| 102|0x0000000087a00000, 0x0000000087b00000, 0x0000000087b00000|100%| E|CS|TAMS 0x0000000087a00000, 0x0000000087a00000| Complete 
| 103|0x0000000087b00000, 0x0000000087c00000, 0x0000000087c00000|100%| E|CS|TAMS 0x0000000087b00000, 0x0000000087b00000| Complete 
| 104|0x0000000087c00000, 0x0000000087d00000, 0x0000000087d00000|100%| E|CS|TAMS 0x0000000087c00000, 0x0000000087c00000| Complete 
| 105|0x0000000087d00000, 0x0000000087e00000, 0x0000000087e00000|100%| E|CS|TAMS 0x0000000087d00000, 0x0000000087d00000| Complete 
| 106|0x0000000087e00000, 0x0000000087f00000, 0x0000000087f00000|100%| E|CS|TAMS 0x0000000087e00000, 0x0000000087e00000| Complete 
| 107|0x0000000087f00000, 0x0000000088000000, 0x0000000088000000|100%| E|CS|TAMS 0x0000000087f00000, 0x0000000087f00000| Complete 
| 108|0x0000000088000000, 0x0000000088100000, 0x0000000088100000|100%| E|CS|TAMS 0x0000000088000000, 0x0000000088000000| Complete 
| 109|0x0000000088100000, 0x0000000088200000, 0x0000000088200000|100%| E|CS|TAMS 0x0000000088100000, 0x0000000088100000| Complete 
| 110|0x0000000088200000, 0x0000000088300000, 0x0000000088300000|100%| E|CS|TAMS 0x0000000088200000, 0x0000000088200000| Complete 
| 111|0x0000000088300000, 0x0000000088400000, 0x0000000088400000|100%| E|CS|TAMS 0x0000000088300000, 0x0000000088300000| Complete 
| 112|0x0000000088400000, 0x0000000088500000, 0x0000000088500000|100%| E|CS|TAMS 0x0000000088400000, 0x0000000088400000| Complete 
| 113|0x0000000088500000, 0x0000000088600000, 0x0000000088600000|100%| E|CS|TAMS 0x0000000088500000, 0x0000000088500000| Complete 
| 114|0x0000000088600000, 0x0000000088700000, 0x0000000088700000|100%| E|CS|TAMS 0x0000000088600000, 0x0000000088600000| Complete 
| 115|0x0000000088700000, 0x0000000088800000, 0x0000000088800000|100%| E|CS|TAMS 0x0000000088700000, 0x0000000088700000| Complete 
| 116|0x0000000088800000, 0x0000000088900000, 0x0000000088900000|100%| E|CS|TAMS 0x0000000088800000, 0x0000000088800000| Complete 
| 117|0x0000000088900000, 0x0000000088a00000, 0x0000000088a00000|100%| E|CS|TAMS 0x0000000088900000, 0x0000000088900000| Complete 
| 118|0x0000000088a00000, 0x0000000088b00000, 0x0000000088b00000|100%| E|CS|TAMS 0x0000000088a00000, 0x0000000088a00000| Complete 
| 119|0x0000000088b00000, 0x0000000088c00000, 0x0000000088c00000|100%| E|CS|TAMS 0x0000000088b00000, 0x0000000088b00000| Complete 
| 120|0x0000000088c00000, 0x0000000088d00000, 0x0000000088d00000|100%| E|CS|TAMS 0x0000000088c00000, 0x0000000088c00000| Complete 
| 121|0x0000000088d00000, 0x0000000088e00000, 0x0000000088e00000|100%| E|CS|TAMS 0x0000000088d00000, 0x0000000088d00000| Complete 
| 122|0x0000000088e00000, 0x0000000088f00000, 0x0000000088f00000|100%| E|CS|TAMS 0x0000000088e00000, 0x0000000088e00000| Complete 
| 123|0x0000000088f00000, 0x0000000089000000, 0x0000000089000000|100%| E|CS|TAMS 0x0000000088f00000, 0x0000000088f00000| Complete 
| 124|0x0000000089000000, 0x0000000089100000, 0x0000000089100000|100%| E|CS|TAMS 0x0000000089000000, 0x0000000089000000| Complete 
| 125|0x0000000089100000, 0x0000000089200000, 0x0000000089200000|100%| E|CS|TAMS 0x0000000089100000, 0x0000000089100000| Complete 
| 126|0x0000000089200000, 0x0000000089300000, 0x0000000089300000|100%| E|CS|TAMS 0x0000000089200000, 0x0000000089200000| Complete 
| 127|0x0000000089300000, 0x0000000089400000, 0x0000000089400000|100%| E|CS|TAMS 0x0000000089300000, 0x0000000089300000| Complete 

Card table byte_map: [0x000002226f840000,0x000002226fc40000] _byte_map_base: 0x000002226f436000

Marking Bits (Prev, Next): (CMBitMap*) 0x000002225c72fa80, (CMBitMap*) 0x000002225c72fac0
 Prev Bits: [0x0000022270040000, 0x0000022271ff0000)
 Next Bits: [0x0000022271ff0000, 0x0000022273fa0000)

Polling page: 0x000002225a890000

Metaspace:

Usage:
  Non-class:     15.02 MB capacity,    14.92 MB (>99%) used,    85.50 KB ( <1%) free+waste,    19.19 KB ( <1%) overhead. 
      Class:      1.72 MB capacity,     1.66 MB ( 96%) used,    55.70 KB (  3%) free+waste,     6.44 KB ( <1%) overhead. 
       Both:     16.74 MB capacity,    16.57 MB (>99%) used,   141.20 KB ( <1%) free+waste,    25.62 KB ( <1%) overhead. 

Virtual space:
  Non-class space:       22.00 MB reserved,      15.25 MB ( 69%) committed 
      Class space:        1.00 GB reserved,       1.75 MB ( <1%) committed 
             Both:        1.02 GB reserved,      17.00 MB (  2%) committed 

Chunk freelists:
   Non-Class:  45.00 KB
       Class:  0 bytes
        Both:  45.00 KB

MaxMetaspaceSize: 17179869184.00 GB
CompressedClassSpaceSize: 1.00 GB

CodeHeap 'non-profiled nmethods': size=120000Kb used=399Kb max_used=399Kb free=119600Kb
 bounds [0x0000022267be0000, 0x0000022267e50000, 0x000002226f110000]
CodeHeap 'profiled nmethods': size=120000Kb used=2172Kb max_used=2172Kb free=117827Kb
 bounds [0x00000222606b0000, 0x0000022260920000, 0x0000022267be0000]
CodeHeap 'non-nmethods': size=5760Kb used=1304Kb max_used=1323Kb free=4455Kb
 bounds [0x0000022260110000, 0x0000022260380000, 0x00000222606b0000]
 total_blobs=1868 nmethods=1267 adapters=514
 compilation: enabled
              stopped_count=0, restarted_count=0
 full_count=0

Compilation events (20 events):
Event: 5.299 Thread 0x00000222772bd2c0 nmethod 1240 0x00000222608c4610 code [0x00000222608c47e0, 0x00000222608c4c18]
Event: 5.299 Thread 0x00000222772bd2c0 1241       3       cribbage.Cribbage$MyCardValues$$Lambda$165/0x000000010017c670::applyAsInt (12 bytes)
Event: 5.299 Thread 0x00000222772bd2c0 nmethod 1241 0x00000222608c4e10 code [0x00000222608c4fc0, 0x00000222608c5288]
Event: 5.299 Thread 0x00000222772bd2c0 1242       3       java.util.stream.Nodes$IntFixedNodeBuilder::accept (61 bytes)
Event: 5.301 Thread 0x00000222772bd2c0 nmethod 1242 0x00000222608c5410 code [0x00000222608c56c0, 0x00000222608c64e8]
Event: 5.302 Thread 0x00000222772bd2c0 1243       1       java.util.Spliterators$ArraySpliterator::characteristics (5 bytes)
Event: 5.302 Thread 0x00000222772bd2c0 nmethod 1243 0x0000022267c41910 code [0x0000022267c41aa0, 0x0000022267c41b58]
Event: 5.304 Thread 0x00000222772bd2c0 1244       3       java.awt.Dimension::<init> (15 bytes)
Event: 5.304 Thread 0x00000222772bd2c0 nmethod 1244 0x00000222608c6a10 code [0x00000222608c6bc0, 0x00000222608c6d78]
Event: 5.304 Thread 0x00000222772bd2c0 1245       3       java.awt.geom.Dimension2D::<init> (5 bytes)
Event: 5.305 Thread 0x00000222772bd2c0 nmethod 1245 0x00000222608c6e90 code [0x00000222608c7020, 0x00000222608c7178]
Event: 5.305 Thread 0x00000222772bd2c0 1246       1       java.util.stream.AbstractPipeline::getStreamAndOpFlags (5 bytes)
Event: 5.305 Thread 0x00000222772bd2c0 nmethod 1246 0x0000022267c41c10 code [0x0000022267c41da0, 0x0000022267c41e58]
Event: 5.305 Thread 0x00000222772bd2c0 1247       3       java.lang.invoke.Invokers$Holder::linkToTargetMethod (8 bytes)
Event: 5.305 Thread 0x00000222772bd2c0 nmethod 1247 0x00000222608c7210 code [0x00000222608c73c0, 0x00000222608c7698]
Event: 5.305 Thread 0x00000222772bd2c0 1249       3       java.util.stream.AbstractPipeline::isParallel (8 bytes)
Event: 5.306 Thread 0x00000222772bd2c0 nmethod 1249 0x00000222608c7790 code [0x00000222608c7920, 0x00000222608c7a38]
Event: 5.306 Thread 0x00000222772bd2c0 1248       3       java.lang.invoke.LambdaForm$MH/0x0000000100062c40::invoke (8 bytes)
Event: 5.306 Thread 0x00000222772bd2c0 nmethod 1248 0x00000222608c7b10 code [0x00000222608c7ca0, 0x00000222608c7ed8]
Event: 5.307 Thread 0x00000222772bd2c0 1251       3       java.awt.geom.AffineTransform::transform (635 bytes)

GC Heap History (6 events):
Event: 4.984 GC heap before
{Heap before GC invocations=0 (full 0):
 garbage-first heap   total 131072K, used 32768K [0x0000000081400000, 0x0000000100000000)
  region size 1024K, 24 young (24576K), 0 survivors (0K)
 Metaspace       used 15888K, capacity 16033K, committed 16256K, reserved 1071104K
  class space    used 1563K, capacity 1626K, committed 1664K, reserved 1048576K
}
Event: 4.998 GC heap after
{Heap after GC invocations=1 (full 0):
 garbage-first heap   total 131072K, used 24078K [0x0000000081400000, 0x0000000100000000)
  region size 1024K, 3 young (3072K), 3 survivors (3072K)
 Metaspace       used 15888K, capacity 16033K, committed 16256K, reserved 1071104K
  class space    used 1563K, capacity 1626K, committed 1664K, reserved 1048576K
}
Event: 5.052 GC heap before
{Heap before GC invocations=1 (full 0):
 garbage-first heap   total 131072K, used 37390K [0x0000000081400000, 0x0000000100000000)
  region size 1024K, 17 young (17408K), 3 survivors (3072K)
 Metaspace       used 16011K, capacity 16193K, committed 16256K, reserved 1071104K
  class space    used 1592K, capacity 1658K, committed 1664K, reserved 1048576K
}
Event: 5.060 GC heap after
{Heap after GC invocations=2 (full 0):
 garbage-first heap   total 131072K, used 32520K [0x0000000081400000, 0x0000000100000000)
  region size 1024K, 3 young (3072K), 3 survivors (3072K)
 Metaspace       used 16011K, capacity 16193K, committed 16256K, reserved 1071104K
  class space    used 1592K, capacity 1658K, committed 1664K, reserved 1048576K
}
Event: 5.182 GC heap before
{Heap before GC invocations=2 (full 0):
 garbage-first heap   total 131072K, used 64264K [0x0000000081400000, 0x0000000100000000)
  region size 1024K, 34 young (34816K), 3 survivors (3072K)
 Metaspace       used 16491K, capacity 16612K, committed 16896K, reserved 1071104K
  class space    used 1634K, capacity 1691K, committed 1792K, reserved 1048576K
}
Event: 5.196 GC heap after
{Heap after GC invocations=3 (full 0):
 garbage-first heap   total 131072K, used 38966K [0x0000000081400000, 0x0000000100000000)
  region size 1024K, 5 young (5120K), 5 survivors (5120K)
 Metaspace       used 16491K, capacity 16612K, committed 16896K, reserved 1071104K
  class space    used 1634K, capacity 1691K, committed 1792K, reserved 1048576K
}

Deoptimization events (20 events):
Event: 4.438 Thread 0x000002225c6f0460 DEOPT PACKING pc=0x00000222607ecf60 sp=0x000000ffcbeff090
Event: 4.438 Thread 0x000002225c6f0460 DEOPT UNPACKING pc=0x000002226015e23f sp=0x000000ffcbefe5e8 mode 0
Event: 4.439 Thread 0x000002225c6f0460 DEOPT PACKING pc=0x00000222607f2482 sp=0x000000ffcbeff020
Event: 4.439 Thread 0x000002225c6f0460 DEOPT UNPACKING pc=0x000002226015e23f sp=0x000000ffcbefe5e8 mode 0
Event: 4.442 Thread 0x000002225c6f0460 DEOPT PACKING pc=0x00000222607ecf16 sp=0x000000ffcbeff090
Event: 4.442 Thread 0x000002225c6f0460 DEOPT UNPACKING pc=0x000002226015e23f sp=0x000000ffcbefe5f0 mode 0
Event: 4.445 Thread 0x000002225c6f0460 DEOPT PACKING pc=0x00000222607ecf60 sp=0x000000ffcbeff090
Event: 4.445 Thread 0x000002225c6f0460 DEOPT UNPACKING pc=0x000002226015e23f sp=0x000000ffcbefe5e8 mode 0
Event: 4.448 Thread 0x000002225c6f0460 DEOPT PACKING pc=0x00000222607ecf16 sp=0x000000ffcbeff090
Event: 4.448 Thread 0x000002225c6f0460 DEOPT UNPACKING pc=0x000002226015e23f sp=0x000000ffcbefe5f0 mode 0
Event: 4.452 Thread 0x000002225c6f0460 DEOPT PACKING pc=0x00000222607ecf16 sp=0x000000ffcbeff090
Event: 4.452 Thread 0x000002225c6f0460 DEOPT UNPACKING pc=0x000002226015e23f sp=0x000000ffcbefe5f0 mode 0
Event: 4.456 Thread 0x000002225c6f0460 DEOPT PACKING pc=0x00000222607ecf16 sp=0x000000ffcbeff090
Event: 4.456 Thread 0x000002225c6f0460 DEOPT UNPACKING pc=0x000002226015e23f sp=0x000000ffcbefe5f0 mode 0
Event: 5.139 Thread 0x000002225c6f0460 DEOPT PACKING pc=0x000002226083c131 sp=0x000000ffcbefeaf0
Event: 5.139 Thread 0x000002225c6f0460 DEOPT UNPACKING pc=0x000002226015e23f sp=0x000000ffcbefdfa0 mode 0
Event: 5.157 Thread 0x000002225c6f0460 DEOPT PACKING pc=0x000002226083c131 sp=0x000000ffcbefeaa0
Event: 5.157 Thread 0x000002225c6f0460 DEOPT UNPACKING pc=0x000002226015e23f sp=0x000000ffcbefdf50 mode 0
Event: 5.175 Thread 0x000002225c6f0460 DEOPT PACKING pc=0x000002226083c131 sp=0x000000ffcbefeaa0
Event: 5.175 Thread 0x000002225c6f0460 DEOPT UNPACKING pc=0x000002226015e23f sp=0x000000ffcbefdf50 mode 0

Classes unloaded (0 events):
No events

Classes redefined (0 events):
No events

Internal exceptions (20 events):
Event: 3.438 Thread 0x0000022277897cc0 Exception <a 'java/lang/ClassNotFoundException'{0x0000000088e69ea8}: com/sun/java/swing/plaf/windows/resources/spi/windowsProvider> (0x0000000088e69ea8) 
thrown [./open/src/hotspot/share/classfile/systemDictionary.cpp, line 295]
Event: 4.012 Thread 0x00000222778e78c0 Exception <a 'java/lang/NullPointerException'{0x0000000088dedc78}> (0x0000000088dedc78) 
thrown [./open/src/hotspot/share/interpreter/linkResolver.cpp, line 1374]
Event: 4.052 Thread 0x00000222778e78c0 Exception <a 'java/lang/NullPointerException'{0x0000000088dedff0}> (0x0000000088dedff0) 
thrown [./open/src/hotspot/share/interpreter/linkResolver.cpp, line 1374]
Event: 4.082 Thread 0x00000222778e78c0 Exception <a 'java/lang/NullPointerException'{0x0000000088dee368}> (0x0000000088dee368) 
thrown [./open/src/hotspot/share/interpreter/linkResolver.cpp, line 1374]
Event: 4.116 Thread 0x00000222778e78c0 Exception <a 'java/lang/NullPointerException'{0x0000000088dee6e0}> (0x0000000088dee6e0) 
thrown [./open/src/hotspot/share/interpreter/linkResolver.cpp, line 1374]
Event: 4.156 Thread 0x00000222778e78c0 Exception <a 'java/lang/NullPointerException'{0x0000000088deea58}> (0x0000000088deea58) 
thrown [./open/src/hotspot/share/interpreter/linkResolver.cpp, line 1374]
Event: 4.189 Thread 0x00000222778e78c0 Exception <a 'java/lang/NullPointerException'{0x0000000088deedd0}> (0x0000000088deedd0) 
thrown [./open/src/hotspot/share/interpreter/linkResolver.cpp, line 1374]
Event: 4.224 Thread 0x00000222778e78c0 Exception <a 'java/lang/NullPointerException'{0x0000000088def148}> (0x0000000088def148) 
thrown [./open/src/hotspot/share/interpreter/linkResolver.cpp, line 1374]
Event: 4.255 Thread 0x00000222778e78c0 Exception <a 'java/lang/NullPointerException'{0x0000000088def4c0}> (0x0000000088def4c0) 
thrown [./open/src/hotspot/share/interpreter/linkResolver.cpp, line 1374]
Event: 4.285 Thread 0x00000222778e78c0 Exception <a 'java/lang/NullPointerException'{0x0000000088def838}> (0x0000000088def838) 
thrown [./open/src/hotspot/share/interpreter/linkResolver.cpp, line 1374]
Event: 4.315 Thread 0x00000222778e78c0 Exception <a 'java/lang/NullPointerException'{0x0000000088defbb0}> (0x0000000088defbb0) 
thrown [./open/src/hotspot/share/interpreter/linkResolver.cpp, line 1374]
Event: 4.345 Thread 0x00000222778e78c0 Exception <a 'java/lang/NullPointerException'{0x0000000088deff28}> (0x0000000088deff28) 
thrown [./open/src/hotspot/share/interpreter/linkResolver.cpp, line 1374]
Event: 4.375 Thread 0x00000222778e78c0 Exception <a 'java/lang/NullPointerException'{0x0000000088df02a0}> (0x0000000088df02a0) 
thrown [./open/src/hotspot/share/interpreter/linkResolver.cpp, line 1374]
Event: 4.405 Thread 0x00000222778e78c0 Exception <a 'java/lang/NullPointerException'{0x0000000088df0618}> (0x0000000088df0618) 
thrown [./open/src/hotspot/share/interpreter/linkResolver.cpp, line 1374]
Event: 4.435 Thread 0x00000222778e78c0 Exception <a 'java/lang/NullPointerException'{0x0000000088df0990}> (0x0000000088df0990) 
thrown [./open/src/hotspot/share/interpreter/linkResolver.cpp, line 1374]
Event: 4.464 Thread 0x00000222778e78c0 Exception <a 'java/lang/NullPointerException'{0x0000000088df0d08}> (0x0000000088df0d08) 
thrown [./open/src/hotspot/share/interpreter/linkResolver.cpp, line 1374]
Event: 4.515 Thread 0x00000222778e78c0 Exception <a 'java/lang/NullPointerException'{0x0000000088df1080}> (0x0000000088df1080) 
thrown [./open/src/hotspot/share/interpreter/linkResolver.cpp, line 1374]
Event: 5.215 Thread 0x0000022277eb8c90 Exception <a 'java/io/FileNotFoundException'{0x0000000088b000d8}> (0x0000000088b000d8) 
thrown [./open/src/hotspot/share/prims/jni.cpp, line 578]
Event: 5.217 Thread 0x0000022277eb8c90 Exception <a 'java/lang/NoSuchMethodError'{0x0000000088bbe4f8}: 'java.lang.Object java.lang.invoke.DirectMethodHandle$Holder.newInvokeSpecial(java.lang.Object, java.lang.Object, java.lang.Object, int, int, int, int, int)'> (0x0000000088bbe4f8) 
thrown [./open/src/hotspot/share/interpreter/linkResolver.cpp, line 782]
Event: 5.307 Thread 0x000002225c6f0460 Exception <a 'java/lang/NoSuchMethodError'{0x000000008773eb78}: 'java.lang.Object java.lang.invoke.DirectMethodHandle$Holder.invokeVirtual(java.lang.Object, java.lang.Object, java.lang.Object)'> (0x000000008773eb78) 
thrown [./open/src/hotspot/share/interpreter/linkResolver.cpp, line 782]

Events (20 events):
Event: 5.294 loading class java/util/stream/Nodes$IntFixedNodeBuilder
Event: 5.294 loading class java/util/stream/Node$Builder$OfInt
Event: 5.294 loading class java/util/stream/Node$Builder
Event: 5.294 loading class java/util/stream/Node$Builder done
Event: 5.294 loading class java/util/stream/Sink$OfInt
Event: 5.294 loading class java/util/function/IntConsumer
Event: 5.295 loading class java/util/function/IntConsumer done
Event: 5.295 loading class java/util/stream/Sink$OfInt done
Event: 5.295 loading class java/util/stream/Node$Builder$OfInt done
Event: 5.295 loading class java/util/stream/Nodes$IntArrayNode
Event: 5.295 loading class java/util/stream/Nodes$IntArrayNode done
Event: 5.295 loading class java/util/stream/Nodes$IntFixedNodeBuilder done
Event: 5.295 loading class java/util/stream/ReferencePipeline$4$1
Event: 5.296 loading class java/util/stream/ReferencePipeline$4$1 done
Event: 5.298 loading class java/util/TreeMap$KeySet
Event: 5.299 loading class java/util/TreeMap$KeySet done
Event: 5.300 loading class java/util/TreeMap$KeyIterator
Event: 5.300 loading class java/util/TreeMap$KeyIterator done
Event: 5.306 loading class java/util/ArrayList$ArrayListSpliterator
Event: 5.306 loading class java/util/ArrayList$ArrayListSpliterator done


Dynamic libraries:
0x00007ff6ef890000 - 0x00007ff6ef89d000 	C:\Users\asift\.p2\pool\plugins\org.eclipse.justj.openjdk.hotspot.jre.full.win32.x86_64_15.0.2.v20210201-0955\jre\bin\javaw.exe
0x00007ffac7d30000 - 0x00007ffac7f25000 	C:\WINDOWS\SYSTEM32\ntdll.dll
0x00007ffac5e50000 - 0x00007ffac5f0d000 	C:\WINDOWS\System32\KERNEL32.DLL
0x00007ffac5570000 - 0x00007ffac5838000 	C:\WINDOWS\System32\KERNELBASE.dll
0x00007ffac5470000 - 0x00007ffac5570000 	C:\WINDOWS\System32\ucrtbase.dll
0x00007ffab8500000 - 0x00007ffab8518000 	C:\Users\asift\.p2\pool\plugins\org.eclipse.justj.openjdk.hotspot.jre.full.win32.x86_64_15.0.2.v20210201-0955\jre\bin\jli.dll
0x00007ffac73a0000 - 0x00007ffac7540000 	C:\WINDOWS\System32\USER32.dll
0x00007ffac5840000 - 0x00007ffac5862000 	C:\WINDOWS\System32\win32u.dll
0x00007ffac6140000 - 0x00007ffac616a000 	C:\WINDOWS\System32\GDI32.dll
0x00007ffac59d0000 - 0x00007ffac5adb000 	C:\WINDOWS\System32\gdi32full.dll
0x00007ffac5cf0000 - 0x00007ffac5d8d000 	C:\WINDOWS\System32\msvcp_win.dll
0x00007ffab84e0000 - 0x00007ffab84f9000 	C:\Users\asift\.p2\pool\plugins\org.eclipse.justj.openjdk.hotspot.jre.full.win32.x86_64_15.0.2.v20210201-0955\jre\bin\VCRUNTIME140.dll
0x00007ffab5c90000 - 0x00007ffab5f2a000 	C:\WINDOWS\WinSxS\amd64_microsoft.windows.common-controls_6595b64144ccf1df_6.0.19041.844_none_ca00b6081b84eb1d\COMCTL32.dll
0x00007ffac6070000 - 0x00007ffac610e000 	C:\WINDOWS\System32\msvcrt.dll
0x00007ffac5f10000 - 0x00007ffac5f40000 	C:\WINDOWS\System32\IMM32.DLL
0x00007ffabcae0000 - 0x00007ffabcaec000 	C:\Users\asift\.p2\pool\plugins\org.eclipse.justj.openjdk.hotspot.jre.full.win32.x86_64_15.0.2.v20210201-0955\jre\bin\vcruntime140_1.dll
0x00007ffaa1de0000 - 0x00007ffaa1e71000 	C:\Users\asift\.p2\pool\plugins\org.eclipse.justj.openjdk.hotspot.jre.full.win32.x86_64_15.0.2.v20210201-0955\jre\bin\msvcp140.dll
0x00007ffa908a0000 - 0x00007ffa913fe000 	C:\Users\asift\.p2\pool\plugins\org.eclipse.justj.openjdk.hotspot.jre.full.win32.x86_64_15.0.2.v20210201-0955\jre\bin\server\jvm.dll
0x00007ffac7550000 - 0x00007ffac75fc000 	C:\WINDOWS\System32\ADVAPI32.dll
0x00007ffac69a0000 - 0x00007ffac6a3b000 	C:\WINDOWS\System32\sechost.dll
0x00007ffac5f40000 - 0x00007ffac606b000 	C:\WINDOWS\System32\RPCRT4.dll
0x00007ffac7540000 - 0x00007ffac7548000 	C:\WINDOWS\System32\PSAPI.DLL
0x00007ffabc920000 - 0x00007ffabc929000 	C:\WINDOWS\SYSTEM32\WSOCK32.dll
0x00007ffac6930000 - 0x00007ffac699b000 	C:\WINDOWS\System32\WS2_32.dll
0x00007ffab6860000 - 0x00007ffab6887000 	C:\WINDOWS\SYSTEM32\WINMM.dll
0x00007ffab91f0000 - 0x00007ffab91fa000 	C:\WINDOWS\SYSTEM32\VERSION.dll
0x00007ffac3d40000 - 0x00007ffac3d52000 	C:\WINDOWS\SYSTEM32\kernel.appcore.dll
0x00007ffabc940000 - 0x00007ffabc94a000 	C:\Users\asift\.p2\pool\plugins\org.eclipse.justj.openjdk.hotspot.jre.full.win32.x86_64_15.0.2.v20210201-0955\jre\bin\jimage.dll
0x00007ffac3220000 - 0x00007ffac3404000 	C:\WINDOWS\SYSTEM32\DBGHELP.DLL
0x00007ffaba430000 - 0x00007ffaba45c000 	C:\WINDOWS\SYSTEM32\dbgcore.DLL
0x00007ffac5870000 - 0x00007ffac58f0000 	C:\WINDOWS\System32\bcryptPrimitives.dll
0x00007ffab3ce0000 - 0x00007ffab3d05000 	C:\Users\asift\.p2\pool\plugins\org.eclipse.justj.openjdk.hotspot.jre.full.win32.x86_64_15.0.2.v20210201-0955\jre\bin\java.dll
0x00007ffabc810000 - 0x00007ffabc828000 	C:\Users\asift\.p2\pool\plugins\org.eclipse.justj.openjdk.hotspot.jre.full.win32.x86_64_15.0.2.v20210201-0955\jre\bin\zip.dll
0x00007ffac6a40000 - 0x00007ffac7182000 	C:\WINDOWS\System32\SHELL32.dll
0x00007ffac35a0000 - 0x00007ffac3d30000 	C:\WINDOWS\SYSTEM32\windows.storage.dll
0x00007ffac76b0000 - 0x00007ffac7a05000 	C:\WINDOWS\System32\combase.dll
0x00007ffac4e70000 - 0x00007ffac4e9c000 	C:\WINDOWS\SYSTEM32\Wldp.dll
0x00007ffac7600000 - 0x00007ffac76ae000 	C:\WINDOWS\System32\SHCORE.dll
0x00007ffac5d90000 - 0x00007ffac5de5000 	C:\WINDOWS\System32\shlwapi.dll
0x00007ffac53b0000 - 0x00007ffac53cf000 	C:\WINDOWS\SYSTEM32\profapi.dll
0x00007ffabc3a0000 - 0x00007ffabc3b9000 	C:\Users\asift\.p2\pool\plugins\org.eclipse.justj.openjdk.hotspot.jre.full.win32.x86_64_15.0.2.v20210201-0955\jre\bin\net.dll
0x00007ffabcfa0000 - 0x00007ffabd0ab000 	C:\WINDOWS\SYSTEM32\WINHTTP.dll
0x00007ffac4b80000 - 0x00007ffac4bea000 	C:\WINDOWS\system32\mswsock.dll
0x00007ffabc360000 - 0x00007ffabc372000 	C:\Users\asift\.p2\pool\plugins\org.eclipse.justj.openjdk.hotspot.jre.full.win32.x86_64_15.0.2.v20210201-0955\jre\bin\nio.dll
0x00007ffa99cc0000 - 0x00007ffa99e3f000 	C:\Users\asift\.p2\pool\plugins\org.eclipse.justj.openjdk.hotspot.jre.full.win32.x86_64_15.0.2.v20210201-0955\jre\bin\awt.dll
0x00007ffac7a10000 - 0x00007ffac7add000 	C:\WINDOWS\System32\OLEAUT32.dll
0x00007ffac26a0000 - 0x00007ffac2730000 	C:\WINDOWS\SYSTEM32\apphelp.dll
0x00007ffac2c30000 - 0x00007ffac2c5f000 	C:\WINDOWS\system32\DWMAPI.DLL
0x00007ffac2a40000 - 0x00007ffac2ade000 	C:\WINDOWS\system32\uxtheme.dll
0x00007ffac6810000 - 0x00007ffac6925000 	C:\WINDOWS\System32\MSCTF.dll
0x00007ffac7270000 - 0x00007ffac739a000 	C:\WINDOWS\System32\ole32.dll
0x00007ffaa2830000 - 0x00007ffaa2956000 	C:\WINDOWS\system32\opengl32.dll
0x00007ffaa3c30000 - 0x00007ffaa3c5c000 	C:\WINDOWS\SYSTEM32\GLU32.dll
0x00007ffa9da60000 - 0x00007ffa9dae5000 	C:\Users\asift\.p2\pool\plugins\org.eclipse.justj.openjdk.hotspot.jre.full.win32.x86_64_15.0.2.v20210201-0955\jre\bin\freetype.dll
0x00007ffa9c890000 - 0x00007ffa9c939000 	C:\Users\asift\.p2\pool\plugins\org.eclipse.justj.openjdk.hotspot.jre.full.win32.x86_64_15.0.2.v20210201-0955\jre\bin\fontmanager.dll
0x00007ffab3600000 - 0x00007ffab36f9000 	C:\WINDOWS\SYSTEM32\textinputframework.dll
0x00007ffabf1c0000 - 0x00007ffabf51e000 	C:\WINDOWS\System32\CoreUIComponents.dll
0x00007ffabf520000 - 0x00007ffabf612000 	C:\WINDOWS\System32\CoreMessaging.dll
0x00007ffac41f0000 - 0x00007ffac4223000 	C:\WINDOWS\SYSTEM32\ntmarta.dll
0x00007ffabeaf0000 - 0x00007ffabec44000 	C:\WINDOWS\SYSTEM32\wintypes.dll
0x00007ffaa52e0000 - 0x00007ffaa5346000 	C:\WINDOWS\system32\Oleacc.dll
0x00007ffaad700000 - 0x00007ffaad7b0000 	C:\WINDOWS\WinSxS\amd64_microsoft.windows.common-controls_6595b64144ccf1df_5.82.19041.844_none_423537bff6b9828c\comctl32.dll

dbghelp: loaded successfully - version: 4.0.5 - missing functions: none
symbol engine: initialized successfully - sym options: 0x614 - pdb path: .;C:\Users\asift\.p2\pool\plugins\org.eclipse.justj.openjdk.hotspot.jre.full.win32.x86_64_15.0.2.v20210201-0955\jre\bin;C:\WINDOWS\SYSTEM32;C:\WINDOWS\WinSxS\amd64_microsoft.windows.common-controls_6595b64144ccf1df_6.0.19041.844_none_ca00b6081b84eb1d;C:\Users\asift\.p2\pool\plugins\org.eclipse.justj.openjdk.hotspot.jre.full.win32.x86_64_15.0.2.v20210201-0955\jre\bin\server;C:\WINDOWS\WinSxS\amd64_microsoft.windows.common-controls_6595b64144ccf1df_5.82.19041.844_none_423537bff6b9828c

VM Arguments:
jvm_args: -Dfile.encoding=Cp1252 -XX:+ShowCodeDetailsInExceptionMessages 
java_command: cribbage.Cribbage
java_class_path (initial): C:\CRIBBAGE\CribbageV0.2.zip_expanded\Cribbage\bin;C:\CRIBBAGE\CribbageV0.2.zip_expanded\Cribbage\dist\lib\JGameGrid.jar
Launcher Type: SUN_STANDARD

[Global flags]
     intx CICompilerCount                          = 4                                         {product} {ergonomic}
     uint ConcGCThreads                            = 2                                         {product} {ergonomic}
     uint G1ConcRefinementThreads                  = 8                                         {product} {ergonomic}
   size_t G1HeapRegionSize                         = 1048576                                   {product} {ergonomic}
    uintx GCDrainStackTargetSize                   = 64                                        {product} {ergonomic}
   size_t InitialHeapSize                          = 134217728                                 {product} {ergonomic}
   size_t MarkStackSize                            = 4194304                                   {product} {ergonomic}
   size_t MaxHeapSize                              = 2126512128                                {product} {ergonomic}
   size_t MaxNewSize                               = 1275068416                                {product} {ergonomic}
   size_t MinHeapDeltaBytes                        = 1048576                                   {product} {ergonomic}
   size_t MinHeapSize                              = 8388608                                   {product} {ergonomic}
    uintx NonNMethodCodeHeapSize                   = 5839372                                {pd product} {ergonomic}
    uintx NonProfiledCodeHeapSize                  = 122909434                              {pd product} {ergonomic}
    uintx ProfiledCodeHeapSize                     = 122909434                              {pd product} {ergonomic}
    uintx ReservedCodeCacheSize                    = 251658240                              {pd product} {ergonomic}
     bool SegmentedCodeCache                       = true                                      {product} {ergonomic}
     bool ShowCodeDetailsInExceptionMessages       = true                                   {manageable} {command line}
   size_t SoftMaxHeapSize                          = 2126512128                             {manageable} {ergonomic}
     bool UseCompressedClassPointers               = true                                 {lp64_product} {ergonomic}
     bool UseCompressedOops                        = true                                 {lp64_product} {ergonomic}
     bool UseG1GC                                  = true                                      {product} {ergonomic}
     bool UseLargePagesIndividualAllocation        = false                                  {pd product} {ergonomic}

Logging:
Log output configuration:
 #0: stdout all=warning uptime,level,tags
 #1: stderr all=off uptime,level,tags

Environment Variables:
PATH=C:/Users/asift/.p2/pool/plugins/org.eclipse.justj.openjdk.hotspot.jre.full.win32.x86_64_15.0.2.v20210201-0955/jre/bin/server;C:/Users/asift/.p2/pool/plugins/org.eclipse.justj.openjdk.hotspot.jre.full.win32.x86_64_15.0.2.v20210201-0955/jre/bin;C:\Program Files\Common Files\Oracle\Java\javapath;C:\Program Files (x86)\Common Files\Oracle\Java\javapath;C:\WINDOWS\system32;C:\WINDOWS;C:\WINDOWS\System32\Wbem;C:\WINDOWS\System32\WindowsPowerShell\v1.0\;C:\WINDOWS\System32\OpenSSH\;C:\Program Files\jEdit;C:\Program Files\PuTTY\;C:\Program Files\nodejs\;C:\Program Files\Git\cmd;C:\Users\asift\AppData\Local\Microsoft\WindowsApps;C:\Users\asift\AppData\Local\Programs\Microsoft VS Code\bin;C:\Users\asift\AppData\Local\atom\bin;C:\Users\asift\AppData\Local\Microsoft\WindowsApps;C:\Users\asift\AppData\Roaming\npm;C:\ProgramData\asift\hyper\app-3.0.2\resources\bin;C:\Users\asift\AppData\Local\hyper\app-3.0.2\resources\bin;C:\Program Files\heroku\bin;;C:\WINDOWS\system32;
USERNAME=asift
OS=Windows_NT
PROCESSOR_IDENTIFIER=Intel64 Family 6 Model 142 Stepping 10, GenuineIntel



---------------  S Y S T E M  ---------------

OS:
 Windows 10 , 64 bit Build 19041 (10.0.19041.928)
OS uptime: 11 days 16:42 hours

CPU: total 8 (initial active 8) (4 cores per cpu, 2 threads per core) family 6 model 142 stepping 10 microcode 0xe0, cmov, cx8, fxsr, mmx, sse, sse2, sse3, ssse3, sse4.1, sse4.2, popcnt, vzeroupper, avx, avx2, aes, clmul, erms, 3dnowpref, lzcnt, ht, tsc, tscinvbit, bmi1, bmi2, adx, fma, clflush, clflushopt

Memory: 4k page, system-wide physical 8109M (353M free)
TotalPageFile size 23203M (AvailPageFile size 10M)
current process WorkingSet (physical memory assigned to process): 148M, peak: 148M
current process commit charge ("private bytes"): 236M, peak: 236M

vm_info: OpenJDK 64-Bit Server VM (15.0.2+7-27) for windows-amd64 JRE (15.0.2+7-27), built on Dec  7 2020 20:02:38 by "mach5one" with unknown MS VC++:1925

END.
